1584515747527	mozrunner::runner	INFO	Running command: "C:\\Program Files\\Firefox Developer Edition\\firefox.exe" "-marionette" "-foreground" "-no-remote" "-profile" "C:\\Users\\niraj\\AppData\\Local\\Temp\\rust_mozprofileNHknU3"
1584515748993	addons.webextension.doh-rollout@mozilla.org	WARN	Loading extension 'doh-rollout@mozilla.org': Reading manifest: Invalid extension permission: networkStatus
1584515749844	addons.webextension.screenshots@mozilla.org	WARN	Loading extension 'screenshots@mozilla.org': Reading manifest: Invalid extension permission: mozillaAddons
1584515749844	addons.webextension.screenshots@mozilla.org	WARN	Loading extension 'screenshots@mozilla.org': Reading manifest: Invalid extension permission: telemetry
1584515749845	addons.webextension.screenshots@mozilla.org	WARN	Loading extension 'screenshots@mozilla.org': Reading manifest: Invalid extension permission: resource://pdf.js/
1584515749845	addons.webextension.screenshots@mozilla.org	WARN	Loading extension 'screenshots@mozilla.org': Reading manifest: Invalid extension permission: about:reader*
JavaScript error: resource://gre/modules/XULStore.jsm, line 66: Error: Can't find profile directory.
1584515754630	Marionette	INFO	Listening on port 52511
1584515754860	Marionette	WARN	TLS certificate errors will be ignored for this session
1584515762237	Marionette	INFO	Stopped listening on port 52511

###!!! [Child][RunMessage] Error: Channel closing: too late to send/recv, messages will be lost


###!!! [Child][MessageChannel::SendAndWait] Error: Channel error: cannot send/recv

1584515770505	mozrunner::runner	INFO	Running command: "C:\\Program Files\\Firefox Developer Edition\\firefox.exe" "-marionette" "-foreground" "-no-remote" "-profile" "C:\\Users\\niraj\\AppData\\Local\\Temp\\rust_mozprofileAawQMp"
1584515771176	addons.webextension.doh-rollout@mozilla.org	WARN	Loading extension 'doh-rollout@mozilla.org': Reading manifest: Invalid extension permission: networkStatus
1584515772080	addons.webextension.screenshots@mozilla.org	WARN	Loading extension 'screenshots@mozilla.org': Reading manifest: Invalid extension permission: mozillaAddons
1584515772081	addons.webextension.screenshots@mozilla.org	WARN	Loading extension 'screenshots@mozilla.org': Reading manifest: Invalid extension permission: telemetry
1584515772081	addons.webextension.screenshots@mozilla.org	WARN	Loading extension 'screenshots@mozilla.org': Reading manifest: Invalid extension permission: resource://pdf.js/
1584515772081	addons.webextension.screenshots@mozilla.org	WARN	Loading extension 'screenshots@mozilla.org': Reading manifest: Invalid extension permission: about:reader*
JavaScript error: resource://gre/modules/XULStore.jsm, line 66: Error: Can't find profile directory.
1584515776385	Marionette	INFO	Listening on port 52613
1584515776728	Marionette	WARN	TLS certificate errors will be ignored for this session
1584515786475	Marionette	INFO	Stopped listening on port 52613

###!!! [Child][RunMessage] Error: Channel closing: too late to send/recv, messages will be lost


###!!! [Child][MessageChannel::SendAndWait] Error: Channel error: cannot send/recv

1584515893192	mozrunner::runner	INFO	Running command: "C:\\Program Files\\Firefox Developer Edition\\firefox.exe" "-marionette" "-foreground" "-no-remote" "-profile" "C:\\Users\\niraj\\AppData\\Local\\Temp\\rust_mozprofilejf7Jca"
1584515893771	addons.webextension.doh-rollout@mozilla.org	WARN	Loading extension 'doh-rollout@mozilla.org': Reading manifest: Invalid extension permission: networkStatus
1584515894622	addons.webextension.screenshots@mozilla.org	WARN	Loading extension 'screenshots@mozilla.org': Reading manifest: Invalid extension permission: mozillaAddons
1584515894622	addons.webextension.screenshots@mozilla.org	WARN	Loading extension 'screenshots@mozilla.org': Reading manifest: Invalid extension permission: telemetry
1584515894622	addons.webextension.screenshots@mozilla.org	WARN	Loading extension 'screenshots@mozilla.org': Reading manifest: Invalid extension permission: resource://pdf.js/
1584515894622	addons.webextension.screenshots@mozilla.org	WARN	Loading extension 'screenshots@mozilla.org': Reading manifest: Invalid extension permission: about:reader*
JavaScript error: resource://gre/modules/XULStore.jsm, line 66: Error: Can't find profile directory.
1584515898878	Marionette	INFO	Listening on port 52861
1584515898920	Marionette	WARN	TLS certificate errors will be ignored for this session
1584515903089	Marionette	INFO	Stopped listening on port 52861

###!!! [Child][RunMessage] Error: Channel closing: too late to send/recv, messages will be lost


###!!! [Child][MessageChannel::SendAndWait] Error: Channel error: cannot send/recv

1584516002312	mozrunner::runner	INFO	Running command: "C:\\Program Files\\Firefox Developer Edition\\firefox.exe" "-marionette" "-foreground" "-no-remote" "-profile" "C:\\Users\\niraj\\AppData\\Local\\Temp\\rust_mozprofilepCI4qQ"
1584516002831	addons.webextension.doh-rollout@mozilla.org	WARN	Loading extension 'doh-rollout@mozilla.org': Reading manifest: Invalid extension permission: networkStatus
1584516003649	addons.webextension.screenshots@mozilla.org	WARN	Loading extension 'screenshots@mozilla.org': Reading manifest: Invalid extension permission: mozillaAddons
1584516003649	addons.webextension.screenshots@mozilla.org	WARN	Loading extension 'screenshots@mozilla.org': Reading manifest: Invalid extension permission: telemetry
1584516003649	addons.webextension.screenshots@mozilla.org	WARN	Loading extension 'screenshots@mozilla.org': Reading manifest: Invalid extension permission: resource://pdf.js/
1584516003649	addons.webextension.screenshots@mozilla.org	WARN	Loading extension 'screenshots@mozilla.org': Reading manifest: Invalid extension permission: about:reader*
JavaScript error: resource://gre/modules/XULStore.jsm, line 66: Error: Can't find profile directory.
1584516008101	Marionette	INFO	Listening on port 53068
1584516008542	Marionette	WARN	TLS certificate errors will be ignored for this session
1584516012921	Marionette	INFO	Stopped listening on port 53068

###!!! [Child][MessageChannel::SendAndWait] Error: Channel error: cannot send/recv

1584516054293	mozrunner::runner	INFO	Running command: "C:\\Program Files\\Firefox Developer Edition\\firefox.exe" "-marionette" "-foreground" "-no-remote" "-profile" "C:\\Users\\niraj\\AppData\\Local\\Temp\\rust_mozprofile7wgV50"
1584516054884	addons.webextension.doh-rollout@mozilla.org	WARN	Loading extension 'doh-rollout@mozilla.org': Reading manifest: Invalid extension permission: networkStatus
1584516055755	addons.webextension.screenshots@mozilla.org	WARN	Loading extension 'screenshots@mozilla.org': Reading manifest: Invalid extension permission: mozillaAddons
1584516055755	addons.webextension.screenshots@mozilla.org	WARN	Loading extension 'screenshots@mozilla.org': Reading manifest: Invalid extension permission: telemetry
1584516055756	addons.webextension.screenshots@mozilla.org	WARN	Loading extension 'screenshots@mozilla.org': Reading manifest: Invalid extension permission: resource://pdf.js/
1584516055756	addons.webextension.screenshots@mozilla.org	WARN	Loading extension 'screenshots@mozilla.org': Reading manifest: Invalid extension permission: about:reader*
JavaScript error: resource://gre/modules/XULStore.jsm, line 66: Error: Can't find profile directory.
1584516060202	Marionette	INFO	Listening on port 53170
1584516060516	Marionette	WARN	TLS certificate errors will be ignored for this session
1584516070168	Marionette	INFO	Stopped listening on port 53170

###!!! [Child][MessageChannel::SendAndWait] Error: Channel error: cannot send/recv

1584516083506	mozrunner::runner	INFO	Running command: "C:\\Program Files\\Firefox Developer Edition\\firefox.exe" "-marionette" "-foreground" "-no-remote" "-profile" "C:\\Users\\niraj\\AppData\\Local\\Temp\\rust_mozprofileaMoUD8"
1584516084470	addons.webextension.doh-rollout@mozilla.org	WARN	Loading extension 'doh-rollout@mozilla.org': Reading manifest: Invalid extension permission: networkStatus
1584516085529	addons.webextension.screenshots@mozilla.org	WARN	Loading extension 'screenshots@mozilla.org': Reading manifest: Invalid extension permission: mozillaAddons
1584516085529	addons.webextension.screenshots@mozilla.org	WARN	Loading extension 'screenshots@mozilla.org': Reading manifest: Invalid extension permission: telemetry
1584516085529	addons.webextension.screenshots@mozilla.org	WARN	Loading extension 'screenshots@mozilla.org': Reading manifest: Invalid extension permission: resource://pdf.js/
1584516085530	addons.webextension.screenshots@mozilla.org	WARN	Loading extension 'screenshots@mozilla.org': Reading manifest: Invalid extension permission: about:reader*
JavaScript error: resource://gre/modules/XULStore.jsm, line 66: Error: Can't find profile directory.
1584516089939	Marionette	INFO	Listening on port 53258
1584516090327	Marionette	WARN	TLS certificate errors will be ignored for this session
1584516108390	Marionette	INFO	Stopped listening on port 53258

###!!! [Child][RunMessage] Error: Channel closing: too late to send/recv, messages will be lost


###!!! [Child][MessageChannel::SendAndWait] Error: Channel error: cannot send/recv

1584516642168	mozrunner::runner	INFO	Running command: "C:\\Program Files\\Firefox Developer Edition\\firefox.exe" "-marionette" "-foreground" "-no-remote" "-profile" "C:\\Users\\niraj\\AppData\\Local\\Temp\\rust_mozprofileirOwso"
1584516642713	addons.webextension.doh-rollout@mozilla.org	WARN	Loading extension 'doh-rollout@mozilla.org': Reading manifest: Invalid extension permission: networkStatus
1584516643549	addons.webextension.screenshots@mozilla.org	WARN	Loading extension 'screenshots@mozilla.org': Reading manifest: Invalid extension permission: mozillaAddons
1584516643549	addons.webextension.screenshots@mozilla.org	WARN	Loading extension 'screenshots@mozilla.org': Reading manifest: Invalid extension permission: telemetry
1584516643549	addons.webextension.screenshots@mozilla.org	WARN	Loading extension 'screenshots@mozilla.org': Reading manifest: Invalid extension permission: resource://pdf.js/
1584516643549	addons.webextension.screenshots@mozilla.org	WARN	Loading extension 'screenshots@mozilla.org': Reading manifest: Invalid extension permission: about:reader*
JavaScript error: resource://gre/modules/XULStore.jsm, line 66: Error: Can't find profile directory.
1584516648014	Marionette	INFO	Listening on port 54464
1584516648400	Marionette	WARN	TLS certificate errors will be ignored for this session
1584516713594	Marionette	INFO	Stopped listening on port 54464

###!!! [Child][RunMessage] Error: Channel closing: too late to send/recv, messages will be lost


###!!! [Child][MessageChannel::SendAndWait] Error: Channel error: cannot send/recv

1584516716876	mozrunner::runner	INFO	Running command: "C:\\Program Files\\Firefox Developer Edition\\firefox.exe" "-marionette" "-foreground" "-no-remote" "-profile" "C:\\Users\\niraj\\AppData\\Local\\Temp\\rust_mozprofileYST1qF"
1584516717413	addons.webextension.doh-rollout@mozilla.org	WARN	Loading extension 'doh-rollout@mozilla.org': Reading manifest: Invalid extension permission: networkStatus
1584516718206	addons.webextension.screenshots@mozilla.org	WARN	Loading extension 'screenshots@mozilla.org': Reading manifest: Invalid extension permission: mozillaAddons
1584516718207	addons.webextension.screenshots@mozilla.org	WARN	Loading extension 'screenshots@mozilla.org': Reading manifest: Invalid extension permission: telemetry
1584516718207	addons.webextension.screenshots@mozilla.org	WARN	Loading extension 'screenshots@mozilla.org': Reading manifest: Invalid extension permission: resource://pdf.js/
1584516718207	addons.webextension.screenshots@mozilla.org	WARN	Loading extension 'screenshots@mozilla.org': Reading manifest: Invalid extension permission: about:reader*
JavaScript error: resource://gre/modules/XULStore.jsm, line 66: Error: Can't find profile directory.
1584516722355	Marionette	INFO	Listening on port 54624
1584516722593	Marionette	WARN	TLS certificate errors will be ignored for this session
1584516739690	Marionette	INFO	Stopped listening on port 54624

###!!! [Child][RunMessage] Error: Channel closing: too late to send/recv, messages will be lost


###!!! [Child][MessageChannel::SendAndWait] Error: Channel error: cannot send/recv

1584516746857	mozrunner::runner	INFO	Running command: "C:\\Program Files\\Firefox Developer Edition\\firefox.exe" "-marionette" "-foreground" "-no-remote" "-profile" "C:\\Users\\niraj\\AppData\\Local\\Temp\\rust_mozprofile6rrZwv"
1584516747425	addons.webextension.doh-rollout@mozilla.org	WARN	Loading extension 'doh-rollout@mozilla.org': Reading manifest: Invalid extension permission: networkStatus
1584516748259	addons.webextension.screenshots@mozilla.org	WARN	Loading extension 'screenshots@mozilla.org': Reading manifest: Invalid extension permission: mozillaAddons
1584516748259	addons.webextension.screenshots@mozilla.org	WARN	Loading extension 'screenshots@mozilla.org': Reading manifest: Invalid extension permission: telemetry
1584516748259	addons.webextension.screenshots@mozilla.org	WARN	Loading extension 'screenshots@mozilla.org': Reading manifest: Invalid extension permission: resource://pdf.js/
1584516748260	addons.webextension.screenshots@mozilla.org	WARN	Loading extension 'screenshots@mozilla.org': Reading manifest: Invalid extension permission: about:reader*
JavaScript error: resource://gre/modules/XULStore.jsm, line 66: Error: Can't find profile directory.
1584516752727	Marionette	INFO	Listening on port 54723
1584516753087	Marionette	WARN	TLS certificate errors will be ignored for this session
JavaScript warning: https://static.xx.fbcdn.net/rsrc.php/v3i5fU4/yY/l/en_US/oQQf-SqDp4N.js?_nc_x=6KD3CmxZl25, line 55: unreachable code after return statement
JavaScript warning: https://static.xx.fbcdn.net/rsrc.php/v3i5fU4/yY/l/en_US/oQQf-SqDp4N.js?_nc_x=6KD3CmxZl25, line 55: unreachable code after return statement
JavaScript warning: https://static.xx.fbcdn.net/rsrc.php/v3i5fU4/yY/l/en_US/oQQf-SqDp4N.js?_nc_x=6KD3CmxZl25, line 55: unreachable code after return statement
1584516816684	Marionette	INFO	Stopped listening on port 54723

###!!! [Child][RunMessage] Error: Channel closing: too late to send/recv, messages will be lost


###!!! [Child][MessageChannel::SendAndWait] Error: Channel error: cannot send/recv

1584516875967	mozrunner::runner	INFO	Running command: "C:\\Program Files\\Firefox Developer Edition\\firefox.exe" "-marionette" "-foreground" "-no-remote" "-profile" "C:\\Users\\niraj\\AppData\\Local\\Temp\\rust_mozprofile7smuQb"
1584516876544	addons.webextension.doh-rollout@mozilla.org	WARN	Loading extension 'doh-rollout@mozilla.org': Reading manifest: Invalid extension permission: networkStatus
1584516877366	addons.webextension.screenshots@mozilla.org	WARN	Loading extension 'screenshots@mozilla.org': Reading manifest: Invalid extension permission: mozillaAddons
1584516877367	addons.webextension.screenshots@mozilla.org	WARN	Loading extension 'screenshots@mozilla.org': Reading manifest: Invalid extension permission: telemetry
1584516877367	addons.webextension.screenshots@mozilla.org	WARN	Loading extension 'screenshots@mozilla.org': Reading manifest: Invalid extension permission: resource://pdf.js/
1584516877367	addons.webextension.screenshots@mozilla.org	WARN	Loading extension 'screenshots@mozilla.org': Reading manifest: Invalid extension permission: about:reader*
JavaScript error: resource://gre/modules/XULStore.jsm, line 66: Error: Can't find profile directory.
1584516881346	Marionette	INFO	Listening on port 54918
1584516881687	Marionette	WARN	TLS certificate errors will be ignored for this session
JavaScript warning: https://static.xx.fbcdn.net/rsrc.php/v3i5fU4/yY/l/en_US/oQQf-SqDp4N.js?_nc_x=6KD3CmxZl25, line 55: unreachable code after return statement
JavaScript warning: https://static.xx.fbcdn.net/rsrc.php/v3i5fU4/yY/l/en_US/oQQf-SqDp4N.js?_nc_x=6KD3CmxZl25, line 55: unreachable code after return statement
JavaScript warning: https://static.xx.fbcdn.net/rsrc.php/v3i5fU4/yY/l/en_US/oQQf-SqDp4N.js?_nc_x=6KD3CmxZl25, line 55: unreachable code after return statement
1584516898498	Marionette	INFO	Stopped listening on port 54918

###!!! [Child][RunMessage] Error: Channel closing: too late to send/recv, messages will be lost


###!!! [Child][MessageChannel::SendAndWait] Error: Channel error: cannot send/recv

1584518614474	mozrunner::runner	INFO	Running command: "C:\\Program Files\\Firefox Developer Edition\\firefox.exe" "-marionette" "-foreground" "-no-remote" "-profile" "C:\\Users\\niraj\\AppData\\Local\\Temp\\rust_mozprofileQbuzFp"
1584518615043	addons.webextension.doh-rollout@mozilla.org	WARN	Loading extension 'doh-rollout@mozilla.org': Reading manifest: Invalid extension permission: networkStatus
1584518615904	addons.webextension.screenshots@mozilla.org	WARN	Loading extension 'screenshots@mozilla.org': Reading manifest: Invalid extension permission: mozillaAddons
1584518615904	addons.webextension.screenshots@mozilla.org	WARN	Loading extension 'screenshots@mozilla.org': Reading manifest: Invalid extension permission: telemetry
1584518615905	addons.webextension.screenshots@mozilla.org	WARN	Loading extension 'screenshots@mozilla.org': Reading manifest: Invalid extension permission: resource://pdf.js/
1584518615905	addons.webextension.screenshots@mozilla.org	WARN	Loading extension 'screenshots@mozilla.org': Reading manifest: Invalid extension permission: about:reader*
JavaScript error: resource://gre/modules/XULStore.jsm, line 66: Error: Can't find profile directory.
1584518620187	Marionette	INFO	Listening on port 56534
1584518620197	Marionette	WARN	TLS certificate errors will be ignored for this session
JavaScript warning: https://static.xx.fbcdn.net/rsrc.php/v3i5fU4/yY/l/en_US/oQQf-SqDp4N.js?_nc_x=6KD3CmxZl25, line 55: unreachable code after return statement
JavaScript warning: https://static.xx.fbcdn.net/rsrc.php/v3i5fU4/yY/l/en_US/oQQf-SqDp4N.js?_nc_x=6KD3CmxZl25, line 55: unreachable code after return statement
JavaScript warning: https://static.xx.fbcdn.net/rsrc.php/v3i5fU4/yY/l/en_US/oQQf-SqDp4N.js?_nc_x=6KD3CmxZl25, line 55: unreachable code after return statement

###!!! [Child][RunMessage] Error: Channel closing: too late to send/recv, messages will be lost


###!!! [Child][RunMessage] Error: Channel closing: too late to send/recv, messages will be lost

1584518933513	Marionette	INFO	Stopped listening on port 56534

###!!! [Child][RunMessage] Error: Channel closing: too late to send/recv, messages will be lost


###!!! [Child][MessageChannel::SendAndWait] Error: Channel error: cannot send/recv

1584518974186	mozrunner::runner	INFO	Running command: "C:\\Program Files\\Firefox Developer Edition\\firefox.exe" "-marionette" "--disable-notifications" "-foreground" "-no-remote" "-profile" "C:\\Users\\niraj\\AppData\\Local\\Temp\\rust_mozprofile4AOpt1"
1584518974758	addons.webextension.doh-rollout@mozilla.org	WARN	Loading extension 'doh-rollout@mozilla.org': Reading manifest: Invalid extension permission: networkStatus
1584518975587	addons.webextension.screenshots@mozilla.org	WARN	Loading extension 'screenshots@mozilla.org': Reading manifest: Invalid extension permission: mozillaAddons
1584518975587	addons.webextension.screenshots@mozilla.org	WARN	Loading extension 'screenshots@mozilla.org': Reading manifest: Invalid extension permission: telemetry
1584518975587	addons.webextension.screenshots@mozilla.org	WARN	Loading extension 'screenshots@mozilla.org': Reading manifest: Invalid extension permission: resource://pdf.js/
1584518975587	addons.webextension.screenshots@mozilla.org	WARN	Loading extension 'screenshots@mozilla.org': Reading manifest: Invalid extension permission: about:reader*
JavaScript error: resource://gre/modules/XULStore.jsm, line 66: Error: Can't find profile directory.
1584518980135	Marionette	INFO	Listening on port 57203
1584518980409	Marionette	WARN	TLS certificate errors will be ignored for this session
JavaScript warning: https://static.xx.fbcdn.net/rsrc.php/v3i5fU4/yY/l/en_US/oQQf-SqDp4N.js?_nc_x=6KD3CmxZl25, line 55: unreachable code after return statement
JavaScript warning: https://static.xx.fbcdn.net/rsrc.php/v3i5fU4/yY/l/en_US/oQQf-SqDp4N.js?_nc_x=6KD3CmxZl25, line 55: unreachable code after return statement
JavaScript warning: https://static.xx.fbcdn.net/rsrc.php/v3i5fU4/yY/l/en_US/oQQf-SqDp4N.js?_nc_x=6KD3CmxZl25, line 55: unreachable code after return statement
console.error: (new TypeError("container.node.targetFront is null", "resource://devtools/client/inspector/markup/markup.js", 2243))
JavaScript warning: https://static.xx.fbcdn.net/rsrc.php/v3i5fU4/yY/l/en_US/oQQf-SqDp4N.js?_nc_x=6KD3CmxZl25, line 55: unreachable code after return statement
JavaScript warning: https://static.xx.fbcdn.net/rsrc.php/v3i5fU4/yY/l/en_US/oQQf-SqDp4N.js?_nc_x=6KD3CmxZl25, line 55: unreachable code after return statement
JavaScript warning: https://static.xx.fbcdn.net/rsrc.php/v3i5fU4/yY/l/en_US/oQQf-SqDp4N.js?_nc_x=6KD3CmxZl25, line 55: unreachable code after return statement
1584519513935	Marionette	INFO	Stopped listening on port 57203

###!!! [Child][RunMessage] Error: Channel closing: too late to send/recv, messages will be lost


###!!! [Child][MessageChannel::SendAndWait] Error: Channel error: cannot send/recv

1584519520674	mozrunner::runner	INFO	Running command: "C:\\Program Files\\Firefox Developer Edition\\firefox.exe" "-marionette" "--disable-notifications" "-foreground" "-no-remote" "-profile" "C:\\Users\\niraj\\AppData\\Local\\Temp\\rust_mozprofileGq9BN9"
1584519521322	addons.webextension.doh-rollout@mozilla.org	WARN	Loading extension 'doh-rollout@mozilla.org': Reading manifest: Invalid extension permission: networkStatus
1584519522157	addons.webextension.screenshots@mozilla.org	WARN	Loading extension 'screenshots@mozilla.org': Reading manifest: Invalid extension permission: mozillaAddons
1584519522157	addons.webextension.screenshots@mozilla.org	WARN	Loading extension 'screenshots@mozilla.org': Reading manifest: Invalid extension permission: telemetry
1584519522157	addons.webextension.screenshots@mozilla.org	WARN	Loading extension 'screenshots@mozilla.org': Reading manifest: Invalid extension permission: resource://pdf.js/
1584519522158	addons.webextension.screenshots@mozilla.org	WARN	Loading extension 'screenshots@mozilla.org': Reading manifest: Invalid extension permission: about:reader*
JavaScript error: resource://gre/modules/XULStore.jsm, line 66: Error: Can't find profile directory.
1584519526487	Marionette	INFO	Listening on port 57845
1584519526901	Marionette	WARN	TLS certificate errors will be ignored for this session
JavaScript warning: https://static.xx.fbcdn.net/rsrc.php/v3i5fU4/yY/l/en_US/oQQf-SqDp4N.js?_nc_x=6KD3CmxZl25, line 55: unreachable code after return statement
JavaScript warning: https://static.xx.fbcdn.net/rsrc.php/v3i5fU4/yY/l/en_US/oQQf-SqDp4N.js?_nc_x=6KD3CmxZl25, line 55: unreachable code after return statement
JavaScript warning: https://static.xx.fbcdn.net/rsrc.php/v3i5fU4/yY/l/en_US/oQQf-SqDp4N.js?_nc_x=6KD3CmxZl25, line 55: unreachable code after return statement
1584519577418	Marionette	INFO	Stopped listening on port 57845

###!!! [Child][RunMessage] Error: Channel closing: too late to send/recv, messages will be lost


###!!! [Child][MessageChannel::SendAndWait] Error: Channel error: cannot send/recv

1584519582234	mozrunner::runner	INFO	Running command: "C:\\Program Files\\Firefox Developer Edition\\firefox.exe" "-marionette" "--disable-notifications" "-foreground" "-no-remote" "-profile" "C:\\Users\\niraj\\AppData\\Local\\Temp\\rust_mozprofilevRIHiI"
1584519582831	addons.webextension.doh-rollout@mozilla.org	WARN	Loading extension 'doh-rollout@mozilla.org': Reading manifest: Invalid extension permission: networkStatus
1584519583637	addons.webextension.screenshots@mozilla.org	WARN	Loading extension 'screenshots@mozilla.org': Reading manifest: Invalid extension permission: mozillaAddons
1584519583637	addons.webextension.screenshots@mozilla.org	WARN	Loading extension 'screenshots@mozilla.org': Reading manifest: Invalid extension permission: telemetry
1584519583638	addons.webextension.screenshots@mozilla.org	WARN	Loading extension 'screenshots@mozilla.org': Reading manifest: Invalid extension permission: resource://pdf.js/
1584519583638	addons.webextension.screenshots@mozilla.org	WARN	Loading extension 'screenshots@mozilla.org': Reading manifest: Invalid extension permission: about:reader*
JavaScript error: resource://gre/modules/XULStore.jsm, line 66: Error: Can't find profile directory.
1584519587936	Marionette	INFO	Listening on port 58031
1584519587963	Marionette	WARN	TLS certificate errors will be ignored for this session
JavaScript warning: https://www.facebook.com/rsrc.php/v3i5fU4/yY/l/en_US/oQQf-SqDp4N.js?_nc_x=6KD3CmxZl25, line 55: unreachable code after return statement
JavaScript warning: https://www.facebook.com/rsrc.php/v3i5fU4/yY/l/en_US/oQQf-SqDp4N.js?_nc_x=6KD3CmxZl25, line 55: unreachable code after return statement
JavaScript warning: https://www.facebook.com/rsrc.php/v3i5fU4/yY/l/en_US/oQQf-SqDp4N.js?_nc_x=6KD3CmxZl25, line 55: unreachable code after return statement

###!!! [Child][RunMessage] Error: Channel closing: too late to send/recv, messages will be lost


###!!! [Child][RunMessage] Error: Channel closing: too late to send/recv, messages will be lost

1584519814502	Marionette	INFO	Stopped listening on port 58031

###!!! [Child][RunMessage] Error: Channel closing: too late to send/recv, messages will be lost


###!!! [Child][MessageChannel::SendAndWait] Error: Channel error: cannot send/recv

ension.screenshots@mozilla.org	WARN	Loading extension 'screenshots@mozilla.org': Reading manifest: Invalid extension permission: mozillaAddons
1584519808741	addons.webextension.screenshots@mozilla.org	WARN	Loading extension 'screenshots@mozilla.org': Reading manifest: Invalid extension permission: telemetry
1584519808741	addons.webextension.screenshots@mozilla.org	WARN	Loading extension 'screenshots@mozilla.org': Reading manifest: Invalid extension permission: resource://pdf.js/
1584519808741	addons.webextension.screenshots@mozilla.org	WARN	Loading extension 'screenshots@mozilla.org': Reading manifest: Invalid extension permission: about:reader*
JavaScript error: resource://gre/modules/XULStore.jsm, line 66: Error: Can't find profile directory.
1584519813339	Marionette	INFO	Listening on port 58334
1584519813599	Marionette	WARN	TLS certificate errors will be ignored for this session
JavaScript warning: https://static.xx.fbcdn.net/rsrc.php/v3i5fU4/yY/l/en_US/oQQf-SqDp4N.js?_nc_x=6KD3CmxZl25, line 55: unreachable code after return statement
JavaScript warning: https://static.xx.fbcdn.net/rsrc.php/v3i5fU4/yY/l/en_US/oQQf-SqDp4N.js?_nc_x=6KD3CmxZl25, line 55: unreachable code after return statement
JavaScript warning: https://static.xx.fbcdn.net/rsrc.php/v3i5fU4/yY/l/en_US/oQQf-SqDp4N.js?_nc_x=6KD3CmxZl25, line 55: unreachable code after return statement
1584519900840	Marionette	INFO	Stopped listening on port 58334

###!!! [Child][RunMessage] Error: Channel closing: too late to send/recv, messages will be lost


###!!! [Child][MessageChannel::SendAndWait] Error: Channel error: cannot send/recv

lU"
1584519899817	addons.webextension.doh-rollout@mozilla.org	WARN	Loading extension 'doh-rollout@mozilla.org': Reading manifest: Invalid extension permission: networkStatus
1584519900763	addons.webextension.screenshots@mozilla.org	WARN	Loading extension 'screenshots@mozilla.org': Reading manifest: Invalid extension permission: mozillaAddons
1584519900763	addons.webextension.screenshots@mozilla.org	WARN	Loading extension 'screenshots@mozilla.org': Reading manifest: Invalid extension permission: telemetry
1584519900764	addons.webextension.screenshots@mozilla.org	WARN	Loading extension 'screenshots@mozilla.org': Reading manifest: Invalid extension permission: resource://pdf.js/
1584519900764	addons.webextension.screenshots@mozilla.org	WARN	Loading extension 'screenshots@mozilla.org': Reading manifest: Invalid extension permission: about:reader*
JavaScript error: resource://gre/modules/XULStore.jsm, line 66: Error: Can't find profile directory.
[Parent 2368, Gecko_IOThread] WARNING: file Z:/task_1584068383/build/src/ipc/chromium/src/base/process_util_win.cc, line 166
1584519905568	Marionette	INFO	Listening on port 58481
1584519905778	Marionette	WARN	TLS certificate errors will be ignored for this session
JavaScript warning: https://static.xx.fbcdn.net/rsrc.php/v3i5fU4/yY/l/en_US/oQQf-SqDp4N.js?_nc_x=6KD3CmxZl25, line 55: unreachable code after return statement
JavaScript warning: https://static.xx.fbcdn.net/rsrc.php/v3i5fU4/yY/l/en_US/oQQf-SqDp4N.js?_nc_x=6KD3CmxZl25, line 55: unreachable code after return statement
JavaScript warning: https://static.xx.fbcdn.net/rsrc.php/v3i5fU4/yY/l/en_US/oQQf-SqDp4N.js?_nc_x=6KD3CmxZl25, line 55: unreachable code after return statement
1584519930484	Marionette	INFO	Stopped listening on port 58481

###!!! [Child][RunMessage] Error: Channel closing: too late to send/recv, messages will be lost


###!!! [Child][MessageChannel::SendAndWait] Error: Channel error: cannot send/recv

1584519933901	mozrunner::runner	INFO	Running command: "C:\\Program Files\\Firefox Developer Edition\\firefox.exe" "-marionette" "--disable-notifications" "-foreground" "-no-remote" "-profile" "C:\\Users\\niraj\\AppData\\Local\\Temp\\rust_mozprofileIFpMnt"
1584519934493	addons.webextension.doh-rollout@mozilla.org	WARN	Loading extension 'doh-rollout@mozilla.org': Reading manifest: Invalid extension permission: networkStatus
1584519935383	addons.webextension.screenshots@mozilla.org	WARN	Loading extension 'screenshots@mozilla.org': Reading manifest: Invalid extension permission: mozillaAddons
1584519935383	addons.webextension.screenshots@mozilla.org	WARN	Loading extension 'screenshots@mozilla.org': Reading manifest: Invalid extension permission: telemetry
1584519935383	addons.webextension.screenshots@mozilla.org	WARN	Loading extension 'screenshots@mozilla.org': Reading manifest: Invalid extension permission: resource://pdf.js/
1584519935383	addons.webextension.screenshots@mozilla.org	WARN	Loading extension 'screenshots@mozilla.org': Reading manifest: Invalid extension permission: about:reader*
JavaScript error: resource://gre/modules/XULStore.jsm, line 66: Error: Can't find profile directory.
1584519939968	Marionette	INFO	Listening on port 58580
1584519940148	Marionette	WARN	TLS certificate errors will be ignored for this session
JavaScript warning: https://www.facebook.com/rsrc.php/v3i5fU4/yY/l/en_US/oQQf-SqDp4N.js?_nc_x=6KD3CmxZl25, line 55: unreachable code after return statement
JavaScript warning: https://www.facebook.com/rsrc.php/v3i5fU4/yY/l/en_US/oQQf-SqDp4N.js?_nc_x=6KD3CmxZl25, line 55: unreachable code after return statement
JavaScript warning: https://www.facebook.com/rsrc.php/v3i5fU4/yY/l/en_US/oQQf-SqDp4N.js?_nc_x=6KD3CmxZl25, line 55: unreachable code after return statement
JavaScript warning: https://www.facebook.com/rsrc.php/v3i5fU4/yY/l/en_US/oQQf-SqDp4N.js?_nc_x=6KD3CmxZl25, line 55: unreachable code after return statement
JavaScript warning: https://www.facebook.com/rsrc.php/v3i5fU4/yY/l/en_US/oQQf-SqDp4N.js?_nc_x=6KD3CmxZl25, line 55: unreachable code after return statement
JavaScript warning: https://www.facebook.com/rsrc.php/v3i5fU4/yY/l/en_US/oQQf-SqDp4N.js?_nc_x=6KD3CmxZl25, line 55: unreachable code after return statement
console.error: (new TypeError("container.node.targetFront is null", "resource://devtools/client/inspector/markup/markup.js", 2243))
JavaScript error: resource://devtools/server/actors/network-monitor/network-response-listener.js, line 84: NS_ERROR_FAILURE: Component returned failure code: 0x80004005 (NS_ERROR_FAILURE) [nsIInterfaceRequestor.getInterface]
ading extension 'screenshots@mozilla.org': Reading manifest: Invalid extension permission: resource://pdf.js/
1584520105371	addons.webextension.screenshots@mozilla.org	WARN	Loading extension 'screenshots@mozilla.org': Reading manifest: Invalid extension permission: about:reader*
JavaScript error: resource://gre/modules/XULStore.jsm, line 66: Error: Can't find profile directory.
1584520109808	Marionette	INFO	Listening on port 58768
1584520110023	Marionette	WARN	TLS certificate errors will be ignored for this session
JavaScript warning: https://www.facebook.com/rsrc.php/v3i5fU4/yY/l/en_US/oQQf-SqDp4N.js?_nc_x=6KD3CmxZl25, line 55: unreachable code after return statement
JavaScript warning: https://www.facebook.com/rsrc.php/v3i5fU4/yY/l/en_US/oQQf-SqDp4N.js?_nc_x=6KD3CmxZl25, line 55: unreachable code after return statement
JavaScript warning: https://www.facebook.com/rsrc.php/v3i5fU4/yY/l/en_US/oQQf-SqDp4N.js?_nc_x=6KD3CmxZl25, line 55: unreachable code after return statement
1584520184093	Marionette	INFO	Stopped listening on port 58768

###!!! [Child][RunMessage] Error: Channel closing: too late to send/recv, messages will be lost


###!!! [Child][MessageChannel::SendAndWait] Error: Channel error: cannot send/recv

1584520191572	mozrunner::runner	INFO	Running command: "C:\\Program Files\\Firefox Developer Edition\\firefox.exe" "-marionette" "--disable-notifications" "-foreground" "-no-remote" "-profile" "C:\\Users\\niraj\\AppData\\Local\\Temp\\rust_mozprofileKa4zQf"
1584520192185	addons.webextension.doh-rollout@mozilla.org	WARN	Loading extension 'doh-rollout@mozilla.org': Reading manifest: Invalid extension permission: networkStatus
1584520192953	addons.webextension.screenshots@mozilla.org	WARN	Loading extension 'screenshots@mozilla.org': Reading manifest: Invalid extension permission: mozillaAddons
1584520192953	addons.webextension.screenshots@mozilla.org	WARN	Loading extension 'screenshots@mozilla.org': Reading manifest: Invalid extension permission: telemetry
1584520192953	addons.webextension.screenshots@mozilla.org	WARN	Loading extension 'screenshots@mozilla.org': Reading manifest: Invalid extension permission: resource://pdf.js/
1584520192953	addons.webextension.screenshots@mozilla.org	WARN	Loading extension 'screenshots@mozilla.org': Reading manifest: Invalid extension permission: about:reader*
JavaScript error: resource://gre/modules/XULStore.jsm, line 66: Error: Can't find profile directory.
1584520197052	Marionette	INFO	Listening on port 58931
1584520197287	Marionette	WARN	TLS certificate errors will be ignored for this session
1584520210514	Marionette	WARN	TimedPromise timed out after 500 ms: stacktrace:
TimedPromise/<@chrome://marionette/content/sync.js:244:13
TimedPromise@chrome://marionette/content/sync.js:229:10
interaction.flushEventLoop@chrome://marionette/content/interaction.js:416:10
webdriverClickElement@chrome://marionette/content/interaction.js:182:31
async*interaction.clickElement@chrome://marionette/content/interaction.js:131:11
clickElement/<@chrome://marionette/content/listener.js:1341:28
navigate/<@chrome://marionette/content/listener.js:446:13
navigate@chrome://marionette/content/listener.js:447:7
clickElement@chrome://marionette/content/listener.js:1339:18
MessageListener.receiveMessage*startListeners@chrome://marionette/content/listener.js:569:21
registerSelf@chrome://marionette/content/listener.js:501:5
@chrome://marionette/content/listener.js:1852:1
JavaScript warning: https://static.xx.fbcdn.net/rsrc.php/v3i5fU4/yY/l/en_US/oQQf-SqDp4N.js?_nc_x=6KD3CmxZl25, line 55: unreachable code after return statement
JavaScript warning: https://static.xx.fbcdn.net/rsrc.php/v3i5fU4/yY/l/en_US/oQQf-SqDp4N.js?_nc_x=6KD3CmxZl25, line 55: unreachable code after return statement
JavaScript warning: https://static.xx.fbcdn.net/rsrc.php/v3i5fU4/yY/l/en_US/oQQf-SqDp4N.js?_nc_x=6KD3CmxZl25, line 55: unreachable code after return statement

###!!! [Child][RunMessage] Error: Channel closing: too late to send/recv, messages will be lost


###!!! [Child][RunMessage] Error: Channel closing: too late to send/recv, messages will be lost


###!!! [Child][RunMessage] Error: Channel closing: too late to send/recv, messages will be lost


###!!! [Child][RunMessage] Error: Channel closing: too late to send/recv, messages will be lost


###!!! [Child][RunMessage] Error: Channel closing: too late to send/recv, messages will be lost


###!!! [Child][RunMessage] Error: Channel closing: too late to send/recv, messages will be lost


###!!! [Child][RunMessage] Error: Channel closing: too late to send/recv, messages will be lost


###!!! [Child][RunMessage] Error: Channel closing: too late to send/recv, messages will be lost


###!!! [Child][RunMessage] Error: Channel closing: too late to send/recv, messages will be lost


###!!! [Child][RunMessage] Error: Channel closing: too late to send/recv, messages will be lost

1584520242601	Marionette	INFO	Stopped listening on port 58931

###!!! [Child][RunMessage] Error: Channel closing: too late to send/recv, messages will be lost


###!!! [Child][MessageChannel::SendAndWait] Error: Channel error: cannot send/recv

1584520471646	mozrunner::runner	INFO	Running command: "C:\\Program Files\\Firefox Developer Edition\\firefox.exe" "-marionette" "--disable-notifications" "-foreground" "-no-remote" "-profile" "C:\\Users\\niraj\\AppData\\Local\\Temp\\rust_mozprofileu7buVt"
1584520472158	addons.webextension.doh-rollout@mozilla.org	WARN	Loading extension 'doh-rollout@mozilla.org': Reading manifest: Invalid extension permission: networkStatus
1584520473028	addons.webextension.screenshots@mozilla.org	WARN	Loading extension 'screenshots@mozilla.org': Reading manifest: Invalid extension permission: mozillaAddons
1584520473028	addons.webextension.screenshots@mozilla.org	WARN	Loading extension 'screenshots@mozilla.org': Reading manifest: Invalid extension permission: telemetry
1584520473028	addons.webextension.screenshots@mozilla.org	WARN	Loading extension 'screenshots@mozilla.org': Reading manifest: Invalid extension permission: resource://pdf.js/
1584520473028	addons.webextension.screenshots@mozilla.org	WARN	Loading extension 'screenshots@mozilla.org': Reading manifest: Invalid extension permission: about:reader*
JavaScript error: resource://gre/modules/XULStore.jsm, line 66: Error: Can't find profile directory.
1584520478048	Marionette	INFO	Listening on port 59171
1584520478463	Marionette	WARN	TLS certificate errors will be ignored for this session
JavaScript warning: https://static.xx.fbcdn.net/rsrc.php/v3i5fU4/yY/l/en_US/oQQf-SqDp4N.js?_nc_x=6KD3CmxZl25, line 55: unreachable code after return statement
JavaScript warning: https://static.xx.fbcdn.net/rsrc.php/v3i5fU4/yY/l/en_US/oQQf-SqDp4N.js?_nc_x=6KD3CmxZl25, line 55: unreachable code after return statement
JavaScript warning: https://static.xx.fbcdn.net/rsrc.php/v3i5fU4/yY/l/en_US/oQQf-SqDp4N.js?_nc_x=6KD3CmxZl25, line 55: unreachable code after return statement
1584520624279	mozrunner::runner	INFO	Running command: "C:\\Program Files\\Firefox Developer Edition\\firefox.exe" "-marionette" "--disable-notifications" "-foreground" "-no-remote" "-profile" "C:\\Users\\niraj\\AppData\\Local\\Temp\\rust_mozprofileDplHbq"
1584520625022	addons.webextension.doh-rollout@mozilla.org	WARN	Loading extension 'doh-rollout@mozilla.org': Reading manifest: Invalid extension permission: networkStatus
1584520625881	addons.webextension.screenshots@mozilla.org	WARN	Loading extension 'screenshots@mozilla.org': Reading manifest: Invalid extension permission: mozillaAddons
1584520625881	addons.webextension.screenshots@mozilla.org	WARN	Loading extension 'screenshots@mozilla.org': Reading manifest: Invalid extension permission: telemetry
1584520625882	addons.webextension.screenshots@mozilla.org	WARN	Loading extension 'screenshots@mozilla.org': Reading manifest: Invalid extension permission: resource://pdf.js/
1584520625882	addons.webextension.screenshots@mozilla.org	WARN	Loading extension 'screenshots@mozilla.org': Reading manifest: Invalid extension permission: about:reader*
JavaScript error: resource://gre/modules/XULStore.jsm, line 66: Error: Can't find profile directory.
1584520630206	Marionette	INFO	Listening on port 59398
1584520630497	Marionette	WARN	TLS certificate errors will be ignored for this session
JavaScript warning: https://static.xx.fbcdn.net/rsrc.php/v3i5fU4/yY/l/en_US/oQQf-SqDp4N.js?_nc_x=6KD3CmxZl25, line 55: unreachable code after return statement
JavaScript warning: https://static.xx.fbcdn.net/rsrc.php/v3i5fU4/yY/l/en_US/oQQf-SqDp4N.js?_nc_x=6KD3CmxZl25, line 55: unreachable code after return statement
JavaScript warning: https://static.xx.fbcdn.net/rsrc.php/v3i5fU4/yY/l/en_US/oQQf-SqDp4N.js?_nc_x=6KD3CmxZl25, line 55: unreachable code after return statement

###!!! [Child][RunMessage] Error: Channel closing: too late to send/recv, messages will be lost


###!!! [Child][MessageChannel] Error: (msgtype=0x58000D,name=PHttpChannel::Msg_DeletingChannel) Channel closing: too late to send/recv, messages will be lost


###!!! [Child][MessageChannel] Error: (msgtype=0x58000D,name=PHttpChannel::Msg_DeletingChannel) Channel closing: too late to send/recv, messages will be lost


###!!! [Child][MessageChannel] Error: (msgtype=0x58000D,name=PHttpChannel::Msg_DeletingChannel) Channel closing: too late to send/recv, messages will be lost

1584520656624	Marionette	INFO	Stopped listening on port 59398

###!!! [Child][MessageChannel::SendAndWait] Error: Channel error: cannot send/recv

